<?xml version="1.0" encoding="UTF-8"?>
<!-- Generated by org.testng.reporters.JUnitReportReporter -->
<testsuite skipped="0" hostname="DESKTOP-UBA01OH" name="CalculatorTest" tests="2" failures="0" timestamp="22 Jun 2022 21:32:41 GMT" time="0.018" errors="0">
  <testcase name="addTest" time="0.017" classname="CalculatorTest"/>
  <testcase name="deductTest" time="0.001" classname="CalculatorTest"/>
</testsuite> <!-- CalculatorTest -->
